<?xml version="1.0" encoding="UTF-8"?>
<testsuite xmlns:xsi="http://www.w3.org/2001/XMLSchema-instance" xsi:noNamespaceSchemaLocation="https://maven.apache.org/surefire/maven-surefire-plugin/xsd/surefire-test-report.xsd" name="TestSuite" time="95.37" tests="8" errors="0" skipped="0" failures="1">
  <properties>
[...]
</properties>
  <testcase name="loginFailed" classname="com.lemon.cases.LoginCase" time="8.857"/>
  <testcase name="loginFailed02" classname="com.lemon.cases.LoginCase" time="15.121">
    <failure message="Expected condition failed: waiting for presence of element located by: By.xpath: //*[contains(@text,&apos;手机号码或密码不能为空1&apos;)] (tried for 10 second(s) with 500 milliseconds interval)" type="org.openqa.selenium.TimeoutException">org.openqa.selenium.TimeoutException: Expected condition failed: waiting for presence of element located by: By.xpath: //*[contains(@text,'手机号码或密码不能为空1')] (tried for 10 second(s) with 500 milliseconds interval)
	at com.lemon.cases.LoginCase.loginFailed02(LoginCase.java:66)
Caused by: org.openqa.selenium.NoSuchElementException: 
An element could not be located on the page using the given search parameters.
For documentation on this error, please visit: https://www.seleniumhq.org/exceptions/no_such_element.html
Build info: version: '3.141.59', revision: 'e82be7d358', time: '2018-11-14T08:17:03'
System info: host: 'LAPTOP-G2P2MI3J', ip: '192.168.199.193', os.name: 'Windows 10', os.arch: 'amd64', os.version: '10.0', java.version: '1.8.0_231'
Driver info: io.appium.java_client.android.AndroidDriver
Capabilities {appActivity: com.lemon.lemonban.activity..., appPackage: com.lemon.lemonban, databaseEnabled: false, desired: {appActivity: com.lemon.lemonban.activity..., appPackage: com.lemon.lemonban, deviceName: 127.0.0.1:62001, platformName: android}, deviceApiLevel: 25, deviceManufacturer: OPPO, deviceModel: OPPO R11 Plus, deviceName: 127.0.0.1:62001, deviceScreenDensity: 320, deviceScreenSize: 900x1600, deviceUDID: 127.0.0.1:62001, javascriptEnabled: true, locationContextEnabled: false, networkConnectionEnabled: true, pixelRatio: 2, platform: LINUX, platformName: Android, platformVersion: 7.1.2, statBarHeight: 48, takesScreenshot: true, viewportRect: {height: 1552, left: 0, top: 48, width: 900}, warnings: {}, webStorageEnabled: false}
Session ID: 3afb7b9e-e2bc-43c4-8b3b-6e39712c6e65
*** Element info: {Using=xpath, value=//*[contains(@text,'手机号码或密码不能为空1')]}
	at com.lemon.cases.LoginCase.loginFailed02(LoginCase.java:66)
</failure>
    <system-out><![CDATA[2020-10-20 21:31:28 INFO  BasePage:52 - 元素定位信息：By.xpath: //*[@content-desc="我的柠檬"]
2020-10-20 21:31:28 INFO  BasePage:52 - 元素定位信息：By.id: com.lemon.lemonban:id/fragment_my_lemon_avatar_title
2020-10-20 21:31:29 INFO  BasePage:42 - 元素定位信息：By.id: com.lemon.lemonban:id/et_mobile
2020-10-20 21:31:30 INFO  BasePage:42 - 元素定位信息：By.id: com.lemon.lemonban:id/et_password
2020-10-20 21:31:32 INFO  BasePage:52 - 元素定位信息：By.id: com.lemon.lemonban:id/btn_login
2020-10-20 21:31:32 INFO  BasePage:62 - 元素定位信息：By.xpath: //*[contains(@text,'手机号码或密码不能为空1')]
]]></system-out>
  </testcase>
  <testcase name="loginFailed02" classname="com.lemon.cases.LoginCase" time="4.967"/>
  <testcase name="loginFailed02" classname="com.lemon.cases.LoginCase" time="5.202"/>
  <testcase name="loginFailed02" classname="com.lemon.cases.LoginCase" time="5.282"/>
  <testcase name="loginSuccess" classname="com.lemon.cases.LoginCase" time="6.863"/>
  <testcase name="testFavorites" classname="com.lemon.cases.TikuCase" time="7.375"/>
  <testcase name="testShowAnswer" classname="com.lemon.cases.TikuCase" time="8.544"/>
</testsuite>